0 silly input [ 'publish' ]
1 silly flags { _: [ 'publish' ], 'reject-cycles': false, rejectCycles: false }
2 verbose rootPath /Users/anton/projects/gj-logger
3 info version 2.11.0
4 silly isInitialized
5 silly isInitialized true
6 silly existsSync /Users/anton/projects/gj-logger/VERSION
7 silly initialize attempt
8 info current version 0.1.0
9 silly isDetachedHead
10 silly getCurrentBranch
11 verbose getCurrentBranch master
12 verbose isDetachedHead false
13 silly getCurrentBranch
14 verbose getCurrentBranch master
15 silly getUpdates
16 info Checking for updated packages...
17 silly hasTags
18 verbose hasTags true
19 silly getLastTag
20 verbose getLastTag v0.1.0
21 info Comparing with v0.1.0.
22 silly diffSinceIn v0.1.0 packages/gj-logger
23 silly diff packages/gj-logger/package.json
23 silly diff packages/gj-logger/src/Logger.ts
24 verbose updated @join-com/gcloud-logger
25 info Checking for prereleased packages...
26 silly collectDependents
27 silly isPackageDependentOf @join-com/gcloud-logger @join-com/gcloud-logger
28 silly collectUpdates
29 verbose has filtered update @join-com/gcloud-logger
30 silly initialize success
31 silly execute attempt
32 silly addFile /Users/anton/projects/gj-logger/lerna.json
33 silly runScriptSync preversion gj-logger
34 silly runScriptSync preversion @join-com/gcloud-logger
35 silly runScriptSync version @join-com/gcloud-logger
36 silly runScriptSync version gj-logger
37 silly addFile /Users/anton/projects/gj-logger/packages/gj-logger/package.json
38 silly commit v0.1.0
39 verbose commit [ 'commit', '--no-verify', '-m', 'v0.1.0' ]
40 silly addTag v0.1.0
41 error execute caught error
42 error Error: fatal: tag 'v0.1.0' already exists
42 error
42 error     at Function.module.exports.sync (/usr/local/lib/node_modules/lerna/node_modules/execa/index.js:303:26)
42 error     at Function.execSync (/usr/local/lib/node_modules/lerna/lib/ChildProcessUtilities.js:59:30)
42 error     at Function.addTag (/usr/local/lib/node_modules/lerna/lib/GitUtilities.js:100:39)
42 error     at PublishCommand.gitCommitAndTagVersion (/usr/local/lib/node_modules/lerna/lib/commands/PublishCommand.js:779:30)
42 error     at PublishCommand.commitAndTagUpdates (/usr/local/lib/node_modules/lerna/lib/commands/PublishCommand.js:740:27)
42 error     at PublishCommand.execute (/usr/local/lib/node_modules/lerna/lib/commands/PublishCommand.js:329:14)
